c:\dev\hazel\bin-int\debug-windows-x86_64\hazel\hazel.pdb
c:\dev\hazel\bin-int\debug-windows-x86_64\hazel\hazel.idb
c:\dev\hazel\bin-int\debug-windows-x86_64\hazel\openglvertexarray.obj
c:\dev\hazel\bin-int\debug-windows-x86_64\hazel\opengltexture.obj
c:\dev\hazel\bin-int\debug-windows-x86_64\hazel\openglshader.obj
c:\dev\hazel\bin-int\debug-windows-x86_64\hazel\openglrendererapi.obj
c:\dev\hazel\bin-int\debug-windows-x86_64\hazel\openglbuffer.obj
c:\dev\hazel\bin-int\debug-windows-x86_64\hazel\vertexarray.obj
c:\dev\hazel\bin-int\debug-windows-x86_64\hazel\texture.obj
c:\dev\hazel\bin-int\debug-windows-x86_64\hazel\shader.obj
c:\dev\hazel\bin-int\debug-windows-x86_64\hazel\rendererapi.obj
c:\dev\hazel\bin-int\debug-windows-x86_64\hazel\renderer.obj
c:\dev\hazel\bin-int\debug-windows-x86_64\hazel\rendercommand.obj
c:\dev\hazel\bin-int\debug-windows-x86_64\hazel\orthographiccamera.obj
c:\dev\hazel\bin-int\debug-windows-x86_64\hazel\buffer.obj
c:\dev\hazel\bin-int\debug-windows-x86_64\hazel\orthographiccameracontroller.obj
c:\dev\hazel\bin-int\debug-windows-x86_64\hazel\log.obj
c:\dev\hazel\bin-int\debug-windows-x86_64\hazel\layerstack.obj
c:\dev\hazel\bin-int\debug-windows-x86_64\hazel\layer.obj
c:\dev\hazel\bin-int\debug-windows-x86_64\hazel\imguilayer.obj
c:\dev\hazel\bin-int\debug-windows-x86_64\hazel\imguibuild.obj
c:\dev\hazel\bin-int\debug-windows-x86_64\hazel\application.obj
c:\dev\hazel\bin-int\debug-windows-x86_64\hazel\stb_image.obj
c:\dev\hazel\bin-int\debug-windows-x86_64\hazel\windowswindow.obj
c:\dev\hazel\bin-int\debug-windows-x86_64\hazel\windowsinput.obj
c:\dev\hazel\bin-int\debug-windows-x86_64\hazel\openglcontext.obj
c:\dev\hazel\bin-int\debug-windows-x86_64\hazel\hazel.pch
c:\dev\hazel\bin-int\debug-windows-x86_64\hazel\hzpch.obj
c:\dev\hazel\bin-int\debug-windows-x86_64\hazel\renderer2d.obj
c:\dev\hazel\bin\debug-windows-x86_64\hazel\hazel.lib
c:\dev\hazel\hazel\..\bin\debug-windows-x86_64\hazel\hazel.lib
c:\dev\hazel\bin-int\debug-windows-x86_64\hazel\hazel.tlog\cl.command.1.tlog
c:\dev\hazel\bin-int\debug-windows-x86_64\hazel\hazel.tlog\cl.read.1.tlog
c:\dev\hazel\bin-int\debug-windows-x86_64\hazel\hazel.tlog\cl.write.1.tlog
c:\dev\hazel\bin-int\debug-windows-x86_64\hazel\hazel.tlog\lib-link.read.1.tlog
c:\dev\hazel\bin-int\debug-windows-x86_64\hazel\hazel.tlog\lib-link.write.1.tlog
c:\dev\hazel\bin-int\debug-windows-x86_64\hazel\hazel.tlog\lib.command.1.tlog
